<?xml version="1.0" encoding="UTF-8"?>
<testng-results skipped="0" failed="0" ignored="0" total="1" passed="1">
  <reporter-output>
  </reporter-output>
  <suite name="Suite" duration-ms="44" started-at="2018-08-15T20:12:50Z" finished-at="2018-08-15T20:12:50Z">
    <groups>
    </groups>
    <test name="Test" duration-ms="44" started-at="2018-08-15T20:12:50Z" finished-at="2018-08-15T20:12:50Z">
      <class name="mypack2.mypac2lk2">
        <test-method status="PASS" signature="test()[pri:0, instance:mypack2.mypac2lk2@124753a]" name="test" duration-ms="10" started-at="2018-08-15T20:12:50Z" finished-at="2018-08-15T20:12:50Z">
          <reporter-output>
          </reporter-output>
        </test-method> <!-- test -->
      </class> <!-- mypack2.mypac2lk2 -->
    </test> <!-- Test -->
  </suite> <!-- Suite -->
</testng-results>
